mode: set
github.com/sakupay-apps/internal/app/service/auth_service.go:16.54,18.2 1 0
github.com/sakupay-apps/internal/app/service/auth_service.go:20.79,23.16 2 0
github.com/sakupay-apps/internal/app/service/auth_service.go:23.16,25.3 1 0
github.com/sakupay-apps/internal/app/service/auth_service.go:27.2,29.16 2 0
github.com/sakupay-apps/internal/app/service/auth_service.go:29.16,31.3 1 0
github.com/sakupay-apps/internal/app/service/auth_service.go:33.2,33.19 1 0
github.com/sakupay-apps/internal/app/service/bill_service.go:22.155,28.2 1 1
github.com/sakupay-apps/internal/app/service/bill_service.go:30.85,34.16 2 1
github.com/sakupay-apps/internal/app/service/bill_service.go:34.16,36.3 1 0
github.com/sakupay-apps/internal/app/service/bill_service.go:38.2,38.41 1 1
github.com/sakupay-apps/internal/app/service/bill_service.go:38.41,40.3 1 0
github.com/sakupay-apps/internal/app/service/bill_service.go:42.2,44.16 2 1
github.com/sakupay-apps/internal/app/service/bill_service.go:44.16,46.3 1 0
github.com/sakupay-apps/internal/app/service/bill_service.go:48.2,63.27 2 1
github.com/sakupay-apps/internal/app/service/bill_service.go:66.75,69.16 2 0
github.com/sakupay-apps/internal/app/service/bill_service.go:69.16,71.3 1 0
github.com/sakupay-apps/internal/app/service/bill_service.go:73.2,75.16 2 0
github.com/sakupay-apps/internal/app/service/bill_service.go:75.16,77.3 1 0
github.com/sakupay-apps/internal/app/service/bill_service.go:79.2,81.16 2 0
github.com/sakupay-apps/internal/app/service/bill_service.go:81.16,83.3 1 0
github.com/sakupay-apps/internal/app/service/bill_service.go:85.2,87.16 2 0
github.com/sakupay-apps/internal/app/service/bill_service.go:87.16,89.3 1 0
github.com/sakupay-apps/internal/app/service/bill_service.go:91.2,93.29 2 0
github.com/sakupay-apps/internal/app/service/bill_service.go:93.29,94.61 1 0
github.com/sakupay-apps/internal/app/service/bill_service.go:94.61,109.4 1 0
github.com/sakupay-apps/internal/app/service/bill_service.go:112.2,112.27 1 0
github.com/sakupay-apps/internal/app/service/card_service.go:24.105,29.2 1 1
github.com/sakupay-apps/internal/app/service/card_service.go:31.88,34.16 2 1
github.com/sakupay-apps/internal/app/service/card_service.go:34.16,36.3 1 0
github.com/sakupay-apps/internal/app/service/card_service.go:38.2,40.16 2 1
github.com/sakupay-apps/internal/app/service/card_service.go:40.16,42.3 1 0
github.com/sakupay-apps/internal/app/service/card_service.go:44.2,44.29 1 1
github.com/sakupay-apps/internal/app/service/card_service.go:44.29,45.44 1 0
github.com/sakupay-apps/internal/app/service/card_service.go:45.44,47.4 1 0
github.com/sakupay-apps/internal/app/service/card_service.go:50.2,52.16 2 1
github.com/sakupay-apps/internal/app/service/card_service.go:52.16,54.3 1 0
github.com/sakupay-apps/internal/app/service/card_service.go:56.2,70.28 2 1
github.com/sakupay-apps/internal/app/service/card_service.go:74.80,77.16 2 0
github.com/sakupay-apps/internal/app/service/card_service.go:77.16,79.3 1 0
github.com/sakupay-apps/internal/app/service/card_service.go:81.2,83.16 2 0
github.com/sakupay-apps/internal/app/service/card_service.go:83.16,85.3 1 0
github.com/sakupay-apps/internal/app/service/card_service.go:87.2,89.29 2 0
github.com/sakupay-apps/internal/app/service/card_service.go:89.29,90.29 1 0
github.com/sakupay-apps/internal/app/service/card_service.go:90.29,104.4 1 0
github.com/sakupay-apps/internal/app/service/card_service.go:107.2,107.27 1 0
github.com/sakupay-apps/internal/app/service/card_service.go:110.75,114.16 2 0
github.com/sakupay-apps/internal/app/service/card_service.go:114.16,116.3 1 0
github.com/sakupay-apps/internal/app/service/card_service.go:118.2,120.16 2 0
github.com/sakupay-apps/internal/app/service/card_service.go:120.16,122.3 1 0
github.com/sakupay-apps/internal/app/service/card_service.go:124.2,141.27 2 0
github.com/sakupay-apps/internal/app/service/card_service.go:144.89,147.16 2 0
github.com/sakupay-apps/internal/app/service/card_service.go:147.16,149.3 1 0
github.com/sakupay-apps/internal/app/service/card_service.go:151.2,153.16 2 0
github.com/sakupay-apps/internal/app/service/card_service.go:153.16,155.3 1 0
github.com/sakupay-apps/internal/app/service/card_service.go:157.2,176.27 3 0
github.com/sakupay-apps/internal/app/service/card_service.go:179.125,181.2 1 0
github.com/sakupay-apps/internal/app/service/contact_service.go:24.117,29.2 1 1
github.com/sakupay-apps/internal/app/service/contact_service.go:31.99,35.16 2 1
github.com/sakupay-apps/internal/app/service/contact_service.go:35.16,37.3 1 0
github.com/sakupay-apps/internal/app/service/contact_service.go:39.2,39.35 1 1
github.com/sakupay-apps/internal/app/service/contact_service.go:39.35,40.49 1 0
github.com/sakupay-apps/internal/app/service/contact_service.go:40.49,42.4 1 0
github.com/sakupay-apps/internal/app/service/contact_service.go:45.2,47.16 2 1
github.com/sakupay-apps/internal/app/service/contact_service.go:47.16,49.3 1 0
github.com/sakupay-apps/internal/app/service/contact_service.go:51.2,53.16 2 1
github.com/sakupay-apps/internal/app/service/contact_service.go:53.16,55.3 1 0
github.com/sakupay-apps/internal/app/service/contact_service.go:57.2,72.31 2 1
github.com/sakupay-apps/internal/app/service/contact_service.go:76.88,79.16 2 0
github.com/sakupay-apps/internal/app/service/contact_service.go:79.16,81.3 1 0
github.com/sakupay-apps/internal/app/service/contact_service.go:83.2,85.16 2 0
github.com/sakupay-apps/internal/app/service/contact_service.go:85.16,87.3 1 0
github.com/sakupay-apps/internal/app/service/contact_service.go:89.2,91.35 2 0
github.com/sakupay-apps/internal/app/service/contact_service.go:91.35,92.32 1 0
github.com/sakupay-apps/internal/app/service/contact_service.go:92.32,107.4 1 0
github.com/sakupay-apps/internal/app/service/contact_service.go:110.2,110.30 1 0
github.com/sakupay-apps/internal/app/service/contact_service.go:113.83,117.16 2 0
github.com/sakupay-apps/internal/app/service/contact_service.go:117.16,119.3 1 0
github.com/sakupay-apps/internal/app/service/contact_service.go:121.2,123.16 2 0
github.com/sakupay-apps/internal/app/service/contact_service.go:123.16,125.3 1 0
github.com/sakupay-apps/internal/app/service/contact_service.go:127.2,142.30 2 0
github.com/sakupay-apps/internal/app/service/contact_service.go:145.100,149.16 2 0
github.com/sakupay-apps/internal/app/service/contact_service.go:149.16,151.3 1 0
github.com/sakupay-apps/internal/app/service/contact_service.go:153.2,155.16 2 0
github.com/sakupay-apps/internal/app/service/contact_service.go:155.16,157.3 1 0
github.com/sakupay-apps/internal/app/service/contact_service.go:159.2,161.16 2 0
github.com/sakupay-apps/internal/app/service/contact_service.go:161.16,163.3 1 0
github.com/sakupay-apps/internal/app/service/contact_service.go:165.2,180.30 2 0
github.com/sakupay-apps/internal/app/service/contact_service.go:183.102,187.16 2 0
github.com/sakupay-apps/internal/app/service/contact_service.go:187.16,189.3 1 0
github.com/sakupay-apps/internal/app/service/contact_service.go:191.2,193.16 2 0
github.com/sakupay-apps/internal/app/service/contact_service.go:193.16,195.3 1 0
github.com/sakupay-apps/internal/app/service/contact_service.go:197.2,199.16 2 0
github.com/sakupay-apps/internal/app/service/contact_service.go:199.16,201.3 1 0
github.com/sakupay-apps/internal/app/service/contact_service.go:203.2,203.16 1 0
github.com/sakupay-apps/internal/app/service/contact_service.go:203.16,205.3 1 0
github.com/sakupay-apps/internal/app/service/contact_service.go:207.2,222.30 2 0
github.com/sakupay-apps/internal/app/service/transaction_service.go:24.133,29.2 1 1
github.com/sakupay-apps/internal/app/service/transaction_service.go:31.113,34.16 2 1
github.com/sakupay-apps/internal/app/service/transaction_service.go:34.16,36.3 1 0
github.com/sakupay-apps/internal/app/service/transaction_service.go:38.2,38.79 1 1
github.com/sakupay-apps/internal/app/service/transaction_service.go:38.79,40.3 1 0
github.com/sakupay-apps/internal/app/service/transaction_service.go:42.2,44.16 2 1
github.com/sakupay-apps/internal/app/service/transaction_service.go:44.16,46.3 1 0
github.com/sakupay-apps/internal/app/service/transaction_service.go:48.2,64.34 2 1
github.com/sakupay-apps/internal/app/service/transaction_service.go:67.96,71.16 2 0
github.com/sakupay-apps/internal/app/service/transaction_service.go:71.16,73.3 1 0
github.com/sakupay-apps/internal/app/service/transaction_service.go:75.2,77.16 2 0
github.com/sakupay-apps/internal/app/service/transaction_service.go:77.16,79.3 1 0
github.com/sakupay-apps/internal/app/service/transaction_service.go:81.2,83.43 2 0
github.com/sakupay-apps/internal/app/service/transaction_service.go:83.43,84.36 1 0
github.com/sakupay-apps/internal/app/service/transaction_service.go:84.36,100.4 1 0
github.com/sakupay-apps/internal/app/service/transaction_service.go:103.2,103.34 1 0
github.com/sakupay-apps/internal/app/service/transaction_service.go:106.116,110.16 2 0
github.com/sakupay-apps/internal/app/service/transaction_service.go:110.16,112.3 1 0
github.com/sakupay-apps/internal/app/service/transaction_service.go:114.2,116.16 2 0
github.com/sakupay-apps/internal/app/service/transaction_service.go:116.16,118.3 1 0
github.com/sakupay-apps/internal/app/service/transaction_service.go:120.2,122.16 2 0
github.com/sakupay-apps/internal/app/service/transaction_service.go:122.16,124.3 1 0
github.com/sakupay-apps/internal/app/service/transaction_service.go:126.2,142.34 2 0
github.com/sakupay-apps/internal/app/service/user_picture_service.go:24.154,30.2 1 0
github.com/sakupay-apps/internal/app/service/user_picture_service.go:32.124,35.16 2 0
github.com/sakupay-apps/internal/app/service/user_picture_service.go:35.16,37.3 1 0
github.com/sakupay-apps/internal/app/service/user_picture_service.go:39.2,42.16 3 0
github.com/sakupay-apps/internal/app/service/user_picture_service.go:42.16,44.3 1 0
github.com/sakupay-apps/internal/app/service/user_picture_service.go:45.2,48.16 3 0
github.com/sakupay-apps/internal/app/service/user_picture_service.go:48.16,50.3 1 0
github.com/sakupay-apps/internal/app/service/user_picture_service.go:51.2,51.12 1 0
github.com/sakupay-apps/internal/app/service/user_picture_service.go:54.89,56.16 2 0
github.com/sakupay-apps/internal/app/service/user_picture_service.go:56.16,58.3 1 0
github.com/sakupay-apps/internal/app/service/user_picture_service.go:59.2,59.25 1 0
github.com/sakupay-apps/internal/app/service/user_service.go:27.65,29.2 1 0
github.com/sakupay-apps/internal/app/service/user_service.go:31.87,35.16 2 0
github.com/sakupay-apps/internal/app/service/user_service.go:35.16,37.3 1 0
github.com/sakupay-apps/internal/app/service/user_service.go:39.2,39.29 1 0
github.com/sakupay-apps/internal/app/service/user_service.go:39.29,40.40 1 0
github.com/sakupay-apps/internal/app/service/user_service.go:40.40,42.4 1 0
github.com/sakupay-apps/internal/app/service/user_service.go:43.3,43.34 1 0
github.com/sakupay-apps/internal/app/service/user_service.go:43.34,45.4 1 0
github.com/sakupay-apps/internal/app/service/user_service.go:46.3,46.46 1 0
github.com/sakupay-apps/internal/app/service/user_service.go:46.46,48.4 1 0
github.com/sakupay-apps/internal/app/service/user_service.go:51.2,53.16 2 0
github.com/sakupay-apps/internal/app/service/user_service.go:53.16,55.3 1 0
github.com/sakupay-apps/internal/app/service/user_service.go:57.2,77.27 5 0
github.com/sakupay-apps/internal/app/service/user_service.go:80.74,84.16 2 0
github.com/sakupay-apps/internal/app/service/user_service.go:84.16,86.3 1 0
github.com/sakupay-apps/internal/app/service/user_service.go:88.2,102.27 2 0
github.com/sakupay-apps/internal/app/service/user_service.go:105.131,109.16 2 0
github.com/sakupay-apps/internal/app/service/user_service.go:109.16,111.3 1 0
github.com/sakupay-apps/internal/app/service/user_service.go:113.2,115.29 2 0
github.com/sakupay-apps/internal/app/service/user_service.go:115.29,134.3 2 0
github.com/sakupay-apps/internal/app/service/user_service.go:136.2,136.35 1 0
github.com/sakupay-apps/internal/app/service/user_service.go:139.72,143.16 2 0
github.com/sakupay-apps/internal/app/service/user_service.go:143.16,145.3 1 0
github.com/sakupay-apps/internal/app/service/user_service.go:147.2,149.16 2 0
github.com/sakupay-apps/internal/app/service/user_service.go:149.16,151.3 1 0
github.com/sakupay-apps/internal/app/service/user_service.go:153.2,169.27 2 0
github.com/sakupay-apps/internal/app/service/user_service.go:172.97,176.16 2 0
github.com/sakupay-apps/internal/app/service/user_service.go:176.16,178.3 1 0
github.com/sakupay-apps/internal/app/service/user_service.go:180.2,182.16 2 0
github.com/sakupay-apps/internal/app/service/user_service.go:182.16,184.3 1 0
github.com/sakupay-apps/internal/app/service/user_service.go:186.2,202.27 2 0
github.com/sakupay-apps/internal/app/service/user_service.go:205.76,207.2 1 0
github.com/sakupay-apps/internal/app/service/user_service.go:209.101,211.2 1 0
github.com/sakupay-apps/internal/app/service/wallet_service.go:19.95,22.16 2 0
github.com/sakupay-apps/internal/app/service/wallet_service.go:22.16,24.3 1 0
github.com/sakupay-apps/internal/app/service/wallet_service.go:26.2,27.16 2 0
github.com/sakupay-apps/internal/app/service/wallet_service.go:27.16,29.3 1 0
github.com/sakupay-apps/internal/app/service/wallet_service.go:30.2,45.29 2 0
github.com/sakupay-apps/internal/app/service/wallet_service.go:48.108,53.2 1 0
